<?xml version="1.0" encoding="UTF-8"?>
<testsuites name="New Test Suite" time="17.206" tests="2" failures="0" errors="0">
   <testsuite name="New Test Suite" tests="2" failures="0" errors="0" time="17.206" skipped="0" timestamp="2022-11-23 12:09:37" hostname="Irisf - 192.168.0.105" id="Test Suites/New Test Suite">
      <properties>
         <property name="deviceName" value=""/>
         <property name="devicePlatform" value=""/>
         <property name="logFolder" value="C:\\Users\\Irisf\\git\\KatlonDemo\\Reports\\20221123_120926\\New Test Suite\\20221123_120926"/>
         <property name="logFiles" value="C:\\Users\\Irisf\\git\\KatlonDemo\\Reports\\20221123_120926\\New Test Suite\\20221123_120926\\execution0.log"/>
         <property name="attachments" value=""/>
         <property name="hostName" value="Irisf - 192.168.0.105"/>
         <property name="os" value="Windows 10 64bit"/>
         <property name="katalonVersion" value="8.5.2.208"/>
         <property name="browser" value="Chrome 107.0.0.0"/>
         <property name="hostAddress" value="192.168.0.105"/>
         <property name="sessionId" value="2f55f3af7627eb01ba578bcc07b44a09"/>
         <property name="seleniumVersion" value="3.141.59"/>
         <property name="proxyInformation" value="ProxyInformation { proxyOption=NO_PROXY, proxyServerType=HTTP, username=, password=********, proxyServerAddress=, proxyServerPort=0, executionList=&quot;&quot;, isApplyToDesiredCapabilities=true }"/>
         <property name="platform" value="Windows 10"/>
      </properties>
      <testcase name="Test Cases/AddItamtoAccount" time="16.45" classname="Test Cases/AddItamtoAccount" status="PASSED">
         <system-out><![CDATA[2022-11-23 12:09:38 - [TEST_CASE][PASSED] - Test Cases/AddItamtoAccount: Test Cases/AddItamtoAccount

2022-11-23 12:09:38 - [TEST_STEP][PASSED] - openBrowser(""): Browser is opened with url: ''

2022-11-23 12:09:39 - [MESSAGE][INFO] - Starting 'Chrome' driver

2022-11-23 12:09:39 - [MESSAGE][INFO] - Action delay is set to 0 milliseconds

2022-11-23 12:09:43 - [MESSAGE][PASSED] - Browser is opened with url: ''

2022-11-23 12:09:43 - [TEST_STEP][PASSED] - navigateToUrl("https://www.saucedemo.com/"): Navigate to 'https://www.saucedemo.com/' successfully

2022-11-23 12:09:43 - [MESSAGE][PASSED] - Navigate to 'https://www.saucedemo.com/' successfully

2022-11-23 12:09:43 - [TEST_STEP][PASSED] - maximizeWindow(): Current window maximized

2022-11-23 12:09:44 - [MESSAGE][PASSED] - Current window maximized

2022-11-23 12:09:44 - [TEST_STEP][PASSED] - setText(findTestObject("Object Repository/Page_Swag Labs/input_standard_userlocked_out_userproblem_u_db77ac"), "standard_user"): Text 'standard_user' is set on object 'Object Repository/Page_Swag Labs/input_standard_userlocked_out_userproblem_u_db77ac'

2022-11-23 12:09:45 - [MESSAGE][PASSED] - Text 'standard_user' is set on object 'Object Repository/Page_Swag Labs/input_standard_userlocked_out_userproblem_u_db77ac'

2022-11-23 12:09:45 - [TEST_STEP][PASSED] - setEncryptedText(findTestObject("Object Repository/Page_Swag Labs/input_standard_userlocked_out_userproblem_u_3423e9"), "qcu24s4901FyWDTwXGr6XA=="): Text ****** has been set on object 'Object Repository/Page_Swag Labs/input_standard_userlocked_out_userproblem_u_3423e9'

2022-11-23 12:09:46 - [MESSAGE][PASSED] - Text ****** has been set on object 'Object Repository/Page_Swag Labs/input_standard_userlocked_out_userproblem_u_3423e9'

2022-11-23 12:09:46 - [TEST_STEP][PASSED] - click(findTestObject("Object Repository/Page_Swag Labs/input_standard_userlocked_out_userproblem_u_0dff71")): Object: 'Object Repository/Page_Swag Labs/input_standard_userlocked_out_userproblem_u_0dff71' is clicked on

2022-11-23 12:09:46 - [MESSAGE][PASSED] - Object: 'Object Repository/Page_Swag Labs/input_standard_userlocked_out_userproblem_u_0dff71' is clicked on

2022-11-23 12:09:46 - [TEST_STEP][PASSED] - click(findTestObject("Object Repository/Page_Swag Labs/button_Add to cart")): Object: 'Object Repository/Page_Swag Labs/button_Add to cart' is clicked on

2022-11-23 12:09:47 - [MESSAGE][PASSED] - Object: 'Object Repository/Page_Swag Labs/button_Add to cart' is clicked on

2022-11-23 12:09:47 - [TEST_STEP][PASSED] - click(findTestObject("Object Repository/Page_Swag Labs/a_1")): Object: 'Object Repository/Page_Swag Labs/a_1' is clicked on

2022-11-23 12:09:47 - [MESSAGE][PASSED] - Object: 'Object Repository/Page_Swag Labs/a_1' is clicked on

2022-11-23 12:09:47 - [TEST_STEP][PASSED] - click(findTestObject("Object Repository/Page_Swag Labs/button_Remove")): Object: 'Object Repository/Page_Swag Labs/button_Remove' is clicked on

2022-11-23 12:09:48 - [MESSAGE][PASSED] - Object: 'Object Repository/Page_Swag Labs/button_Remove' is clicked on

2022-11-23 12:09:48 - [TEST_STEP][PASSED] - click(findTestObject("Object Repository/Page_Swag Labs/button_Checkout")): Object: 'Object Repository/Page_Swag Labs/button_Checkout' is clicked on

2022-11-23 12:09:48 - [MESSAGE][PASSED] - Object: 'Object Repository/Page_Swag Labs/button_Checkout' is clicked on

2022-11-23 12:09:48 - [TEST_STEP][PASSED] - setText(findTestObject("Object Repository/Page_Swag Labs/input_Checkout Your Information_firstName"), "shravan"): Text 'shravan' is set on object 'Object Repository/Page_Swag Labs/input_Checkout Your Information_firstName'

2022-11-23 12:09:49 - [MESSAGE][PASSED] - Text 'shravan' is set on object 'Object Repository/Page_Swag Labs/input_Checkout Your Information_firstName'

2022-11-23 12:09:49 - [TEST_STEP][PASSED] - setText(findTestObject("Object Repository/Page_Swag Labs/input_Checkout Your Information_lastName"), "tentu"): Text 'tentu' is set on object 'Object Repository/Page_Swag Labs/input_Checkout Your Information_lastName'

2022-11-23 12:09:50 - [MESSAGE][PASSED] - Text 'tentu' is set on object 'Object Repository/Page_Swag Labs/input_Checkout Your Information_lastName'

2022-11-23 12:09:50 - [TEST_STEP][PASSED] - setText(findTestObject("Object Repository/Page_Swag Labs/input_Checkout Your Information_postalCode"), "5678"): Text '5678' is set on object 'Object Repository/Page_Swag Labs/input_Checkout Your Information_postalCode'

2022-11-23 12:09:51 - [MESSAGE][PASSED] - Text '5678' is set on object 'Object Repository/Page_Swag Labs/input_Checkout Your Information_postalCode'

2022-11-23 12:09:51 - [TEST_STEP][PASSED] - click(findTestObject("Object Repository/Page_Swag Labs/input_Cancel_continue")): Object: 'Object Repository/Page_Swag Labs/input_Cancel_continue' is clicked on

2022-11-23 12:09:52 - [MESSAGE][PASSED] - Object: 'Object Repository/Page_Swag Labs/input_Cancel_continue' is clicked on

2022-11-23 12:09:52 - [TEST_STEP][PASSED] - click(findTestObject("Object Repository/Page_Swag Labs/button_Finish")): Object: 'Object Repository/Page_Swag Labs/button_Finish' is clicked on

2022-11-23 12:09:53 - [MESSAGE][PASSED] - Object: 'Object Repository/Page_Swag Labs/button_Finish' is clicked on

2022-11-23 12:09:53 - [TEST_STEP][PASSED] - verifyTextPresent("THANK YOU FOR YOUR ORDER", false): Text 'THANK YOU FOR YOUR ORDER' is present on page 

2022-11-23 12:09:53 - [MESSAGE][PASSED] - Text 'THANK YOU FOR YOUR ORDER' is present on page 

2022-11-23 12:09:53 - [TEST_STEP][PASSED] - closeBrowser(): Browser is closed

2022-11-23 12:09:54 - [MESSAGE][PASSED] - Browser is closed]]></system-out>
         <system-err><![CDATA[]]></system-err>
      </testcase>
      <testcase name="Test Cases/test" time="0.321" classname="Test Cases/test" status="PASSED">
         <system-out><![CDATA[2022-11-23 12:09:54 - [TEST_CASE][PASSED] - Test Cases/test: Test Cases/test

2022-11-23 12:09:54 - [TEST_STEP][PASSED] - return null: null]]></system-out>
         <system-err><![CDATA[]]></system-err>
      </testcase>
      <system-out><![CDATA[2022-11-23 12:09:37 - [TEST_SUITE][PASSED] - New Test Suite: Test Cases/test]]></system-out>
      <system-err><![CDATA[]]></system-err>
   </testsuite>
</testsuites>
